Arguments: 
  /opt/homebrew/Cellar/node/19.6.0/bin/node /opt/homebrew/Cellar/yarn/1.22.19/libexec/bin/yarn.js add @gorhom/bottom-sheet @gorhom/portal @react-native-async-storage/async-storage @react-native-community/clipboard @react-native-masked-view/masked-view @react-native-picker/picker @react-navigation/bottom-tabs @react-navigation/material-top-tabs @react-navigation/native @react-navigation/stack @tanstack/react-query agora-react-native-rtm axios date-fns i18next jwt-decode lodash react-i18next react-native-agora react-native-config react-native-device-info react-native-fast-image react-native-gesture-handler react-native-keep-awake react-native-keyboard-aware-scroll-view react-native-modal react-native-paper react-native-safe-area-context react-native-screens react-native-skeleton-placeholder react-native-splash-screen react-native-switch react-native-tab-view react-native-text-input-mask react-native-vector-icons react-native-video ts-node

PATH: 
  /opt/homebrew/bin:/usr/local/bin:/System/Cryptexes/App/usr/bin:/usr/bin:/bin:/usr/sbin:/sbin:/Library/Apple/usr/bin:/Users/moustafa_elhadary/.fig/bin:/Users/moustafa_elhadary/.local/bin

Yarn version: 
  1.22.19

Node version: 
  19.6.0

Platform: 
  darwin arm64

Trace: 
  Error: getaddrinfo ENOTFOUND registry.yarnpkg.com
      at GetAddrInfoReqWrap.onlookup [as oncomplete] (node:dns:107:26)

npm manifest: 
  {
    "name": "rn-starter-app",
    "version": "1.0.0",
    "main": "node_modules/expo/AppEntry.js",
    "scripts": {
      "start": "expo start",
      "android": "expo start --android",
      "ios": "expo start --ios",
      "web": "expo start --web",
      "test": "jest --watchAll"
    },
    "jest": {
      "preset": "jest-expo"
    },
    "dependencies": {
      "@expo/vector-icons": "^13.0.0",
      "@react-navigation/bottom-tabs": "^6.0.5",
      "@react-navigation/native": "^6.0.2",
      "@react-navigation/native-stack": "^6.1.0",
      "expo": "~47.0.12",
      "expo-asset": "~8.7.0",
      "expo-constants": "~14.0.2",
      "expo-font": "~11.0.1",
      "expo-linking": "~3.3.0",
      "expo-splash-screen": "~0.17.5",
      "expo-status-bar": "~1.4.2",
      "expo-system-ui": "~2.0.1",
      "expo-web-browser": "~12.0.0",
      "react": "18.1.0",
      "react-dom": "18.1.0",
      "react-native": "0.70.5",
      "react-native-safe-area-context": "4.4.1",
      "react-native-screens": "~3.18.0",
      "react-native-web": "~0.18.9"
    },
    "devDependencies": {
      "@babel/core": "^7.12.9",
      "@types/react": "~18.0.24",
      "@types/react-native": "~0.70.6",
      "jest": "^26.6.3",
      "jest-expo": "~47.0.1",
      "react-test-renderer": "18.1.0",
      "typescript": "^4.6.3"
    },
    "private": true
  }

yarn manifest: 
  No manifest

Lockfile: 
  No lockfile
